<?xml version="1.0" encoding="UTF-8"?>
<!-- Generated by org.testng.reporters.JUnitReportReporter -->
<testsuite hostname="GorkyMugil-VAIO" name="com.qa.hubspot.test.HomePageTest" tests="1" failures="0" timestamp="24 Nov 2019 02:55:15 GMT" time="1.093" errors="0">
  <testcase name="getHomePageHeaderTitleTest" time="1.093" classname="com.qa.hubspot.test.HomePageTest"/>
</testsuite> <!-- com.qa.hubspot.test.HomePageTest -->
