<?xml version="1.0" encoding="UTF-8"?>
<!-- Generated by org.testng.reporters.JUnitReportReporter -->
<testsuite hostname="GorkyMugil-VAIO" name="com.qa.hubspot.test.LoginPageNPFTest" tests="1" failures="0" timestamp="24 Nov 2019 15:29:49 GMT" time="14.372" errors="0">
  <testcase name="verifySignUpLinkTest" time="14.372" classname="com.qa.hubspot.test.LoginPageNPFTest"/>
</testsuite> <!-- com.qa.hubspot.test.LoginPageNPFTest -->
