<?xml version="1.0" encoding="UTF-8"?>
<!-- Generated by org.testng.reporters.JUnitReportReporter -->
<testsuite hostname="GorkyMugil-VAIO" name="com.qa.hubspot.test.LoginPageTest" tests="3" failures="0" timestamp="21 Nov 2019 09:17:39 GMT" time="33.875" errors="0">
  <testcase name="VerifyLoginWithvalidCred" time="11.180" classname="com.qa.hubspot.test.LoginPageTest"/>
  <testcase name="verifySignUpLinkIsDisplayedTest" time="12.153" classname="com.qa.hubspot.test.LoginPageTest"/>
  <testcase name="verifyLoginPageTitleTest" time="10.542" classname="com.qa.hubspot.test.LoginPageTest"/>
</testsuite> <!-- com.qa.hubspot.test.LoginPageTest -->
